firstone/proguard-unity.txt
-keep class bitter.jnibridge.* { *; }
-keep class com.unity3d.player.* { *; }
-keep class org.fmod.* { *; }
-ignorewarnings
-keep class *{
    public private *;
    }