firstone/build/intermediates/proguard-rules/release/aapt_rules.txt
# view AndroidManifest.xml #generated:19
-keep class com.cutebabies.firstone.UnityPlayerActivity { <init>(...); }