firstone/build/outputs/mapping/release/seeds.txt
com.cutebabies.firstone.BuildConfig
com.cutebabies.firstone.BuildConfig: boolean DEBUG
com.cutebabies.firstone.BuildConfig: java.lang.String APPLICATION_ID
com.cutebabies.firstone.BuildConfig: java.lang.String BUILD_TYPE
com.cutebabies.firstone.BuildConfig: java.lang.String FLAVOR
com.cutebabies.firstone.BuildConfig: int VERSION_CODE
com.cutebabies.firstone.BuildConfig: java.lang.String VERSION_NAME
com.cutebabies.firstone.BuildConfig: BuildConfig()
com.cutebabies.firstone.R
com.cutebabies.firstone.R: R()
com.cutebabies.firstone.R$attr
com.cutebabies.firstone.R$attr: R$attr()
com.cutebabies.firstone.R$drawable
com.cutebabies.firstone.R$drawable: int app_banner
com.cutebabies.firstone.R$drawable: int app_icon
com.cutebabies.firstone.R$drawable: R$drawable()
com.cutebabies.firstone.R$string
com.cutebabies.firstone.R$string: int app_name
com.cutebabies.firstone.R$string: R$string()
com.cutebabies.firstone.R$style
com.cutebabies.firstone.R$style: int UnityThemeSelector
com.cutebabies.firstone.R$style: R$style()
com.cutebabies.firstone.UnityPlayerActivity
com.cutebabies.firstone.UnityPlayerActivity: UnityPlayerActivity()
com.cutebabies.firstone.UnityPlayerActivity: void onLowMemory()
com.cutebabies.firstone.UnityPlayerActivity: void onTrimMemory(int)
com.cutebabies.firstone.UnityPlayerActivity: void onConfigurationChanged(android.content.res.Configuration)
com.cutebabies.firstone.UnityPlayerActivity: void onWindowFocusChanged(boolean)
com.cutebabies.firstone.UnityPlayerActivity: boolean dispatchKeyEvent(android.view.KeyEvent)
com.cutebabies.firstone.UnityPlayerActivity: boolean onKeyUp(int,android.view.KeyEvent)
com.cutebabies.firstone.UnityPlayerActivity: boolean onKeyDown(int,android.view.KeyEvent)
com.cutebabies.firstone.UnityPlayerActivity: boolean onTouchEvent(android.view.MotionEvent)
com.cutebabies.firstone.UnityPlayerActivity: boolean onGenericMotionEvent(android.view.MotionEvent)
com.cutebabies.firstone.UnityPlayerNativeActivity
com.cutebabies.firstone.UnityPlayerNativeActivity: UnityPlayerNativeActivity()
com.cutebabies.firstone.UnityPlayerProxyActivity
com.cutebabies.firstone.UnityPlayerProxyActivity: UnityPlayerProxyActivity()
...
com.vuforia.VIDEO_BACKGROUND_REFLECTION
com.vuforia.VIDEO_BACKGROUND_REFLECTION: int VIDEO_BACKGROUND_REFLECTION_DEFAULT
com.vuforia.VIDEO_BACKGROUND_REFLECTION: int VIDEO_BACKGROUND_REFLECTION_ON
com.vuforia.VIDEO_BACKGROUND_REFLECTION: int VIDEO_BACKGROUND_REFLECTION_OFF
com.vuforia.VIDEO_BACKGROUND_REFLECTION: VIDEO_BACKGROUND_REFLECTION()
com.vuforia.VIEW
com.vuforia.VIEW: int VIEW_SINGULAR
com.vuforia.VIEW: int VIEW_LEFTEYE
com.vuforia.VIEW: int VIEW_RIGHTEYE
com.vuforia.VIEW: int VIEW_POSTPROCESS
com.vuforia.VIEW: int VIEW_COUNT
com.vuforia.VIEW: VIEW()
com.vuforia.Vec2F
com.vuforia.Vec2F: long swigCPtr
com.vuforia.Vec2F: boolean equals(java.lang.Object)
com.vuforia.Vec2F: Vec2F()
com.vuforia.Vec2F: Vec2F(float[])
com.vuforia.Vec2F: Vec2F(float,float)
com.vuforia.Vec2F: void setData(float[])
com.vuforia.Vec2F: float[] getData()
com.vuforia.Vec2F: Vec2F(com.vuforia.Vec2F)
com.vuforia.Vec2I
com.vuforia.Vec2I: long swigCPtr
com.vuforia.Vec2I: boolean equals(java.lang.Object)
com.vuforia.Vec2I: Vec2I()
com.vuforia.Vec2I: Vec2I(int[])
com.vuforia.Vec2I: Vec2I(int,int)
com.vuforia.Vec2I: void setData(int[])
com.vuforia.Vec2I: int[] getData()
com.vuforia.Vec2I: Vec2I(com.vuforia.Vec2I)
com.vuforia.Vec3F
com.vuforia.Vec3F: long swigCPtr
com.vuforia.Vec3F: boolean equals(java.lang.Object)
com.vuforia.Vec3F: Vec3F()
com.vuforia.Vec3F: Vec3F(float[])
com.vuforia.Vec3F: Vec3F(float,float,float)
com.vuforia.Vec3F: void setData(float[])
com.vuforia.Vec3F: float[] getData()
com.vuforia.Vec3F: Vec3F(com.vuforia.Vec3F)
com.vuforia.Vec3I
com.vuforia.Vec3I: long swigCPtr
com.vuforia.Vec3I: boolean equals(java.lang.Object)
com.vuforia.Vec3I: Vec3I()
com.vuforia.Vec3I: Vec3I(int[])
com.vuforia.Vec3I: void setData(int[])
com.vuforia.Vec3I: int[] getData()
com.vuforia.Vec4F
com.vuforia.Vec4F: long swigCPtr
com.vuforia.Vec4F: boolean equals(java.lang.Object)
com.vuforia.Vec4F: Vec4F()
com.vuforia.Vec4F: Vec4F(float[])
com.vuforia.Vec4F: Vec4F(float,float,float,float)
com.vuforia.Vec4F: void setData(float[])
com.vuforia.Vec4F: float[] getData()
com.vuforia.Vec4F: Vec4F(com.vuforia.Vec4F)
com.vuforia.Vec4I
com.vuforia.Vec4I: long swigCPtr
com.vuforia.Vec4I: boolean equals(java.lang.Object)
com.vuforia.Vec4I: Vec4I()
com.vuforia.Vec4I: Vec4I(int[])
com.vuforia.Vec4I: void setData(int[])
com.vuforia.Vec4I: int[] getData()
com.vuforia.VideoBackgroundConfig
com.vuforia.VideoBackgroundConfig: long swigCPtr
com.vuforia.VideoBackgroundConfig: boolean equals(java.lang.Object)
com.vuforia.VideoBackgroundConfig: VideoBackgroundConfig()
com.vuforia.VideoBackgroundConfig: void setEnabled(boolean)
com.vuforia.VideoBackgroundConfig: boolean getEnabled()
com.vuforia.VideoBackgroundConfig: void setPosition(com.vuforia.Vec2I)
com.vuforia.VideoBackgroundConfig: com.vuforia.Vec2I getPosition()
com.vuforia.VideoBackgroundConfig: void setSize(com.vuforia.Vec2I)
com.vuforia.VideoBackgroundConfig: com.vuforia.Vec2I getSize()
com.vuforia.VideoBackgroundConfig: void setReflection(int)
com.vuforia.VideoBackgroundConfig: int getReflection()
com.vuforia.VideoBackgroundTextureInfo
com.vuforia.VideoBackgroundTextureInfo: long swigCPtr
com.vuforia.VideoBackgroundTextureInfo: boolean equals(java.lang.Object)
com.vuforia.VideoBackgroundTextureInfo: com.vuforia.Vec2I getTextureSize()
com.vuforia.VideoBackgroundTextureInfo: com.vuforia.Vec2I getImageSize()
com.vuforia.VideoBackgroundTextureInfo: int getPixelFormat()
com.vuforia.VideoBackgroundTextureInfo: VideoBackgroundTextureInfo()
com.vuforia.VideoMode
com.vuforia.VideoMode: long swigCPtr
com.vuforia.VideoMode: boolean equals(java.lang.Object)
com.vuforia.VideoMode: VideoMode()
com.vuforia.VideoMode: int getWidth()
com.vuforia.VideoMode: int getHeight()
com.vuforia.VideoMode: float getFramerate()
com.vuforia.VideoMode: VideoMode(com.vuforia.VideoMode)