firstone/build/outputs/mapping/release/mapping.txt
com.cutebabies.firstone.BuildConfig -> com.cutebabies.firstone.BuildConfig:
    boolean DEBUG -> DEBUG
    java.lang.String APPLICATION_ID -> APPLICATION_ID
    java.lang.String BUILD_TYPE -> BUILD_TYPE
    java.lang.String FLAVOR -> FLAVOR
    int VERSION_CODE -> VERSION_CODE
    java.lang.String VERSION_NAME -> VERSION_NAME
    void <init>() -> <init>
com.cutebabies.firstone.R -> com.cutebabies.firstone.R:
    void <init>() -> <init>
com.cutebabies.firstone.R$attr -> com.cutebabies.firstone.R$attr:
    void <init>() -> <init>
com.cutebabies.firstone.R$drawable -> com.cutebabies.firstone.R$drawable:
    int app_banner -> app_banner
    int app_icon -> app_icon
    void <init>() -> <init>
    void <clinit>() -> <clinit>
com.cutebabies.firstone.R$string -> com.cutebabies.firstone.R$string:
    int app_name -> app_name
    void <init>() -> <init>
    void <clinit>() -> <clinit>
com.cutebabies.firstone.R$style -> com.cutebabies.firstone.R$style:
    int UnityThemeSelector -> UnityThemeSelector
    void <init>() -> <init>
    void <clinit>() -> <clinit>
com.cutebabies.firstone.UnityPlayerActivity -> com.cutebabies.firstone.UnityPlayerActivity:
    com.unity3d.player.UnityPlayer mUnityPlayer -> a
    void <init>() -> <init>
    void onCreate(android.os.Bundle) -> onCreate
    void onNewIntent(android.content.Intent) -> onNewIntent
    void onDestroy() -> onDestroy
    void onPause() -> onPause
    void onResume() -> onResume
    void onLowMemory() -> onLowMemory
    void onTrimMemory(int) -> onTrimMemory
    void onConfigurationChanged(android.content.res.Configuration) -> onConfigurationChanged
    void onWindowFocusChanged(boolean) -> onWindowFocusChanged
    boolean dispatchKeyEvent(android.view.KeyEvent) -> dispatchKeyEvent
    boolean onKeyUp(int,android.view.KeyEvent) -> onKeyUp
    boolean onKeyDown(int,android.view.KeyEvent) -> onKeyDown
    boolean onTouchEvent(android.view.MotionEvent) -> onTouchEvent
    boolean onGenericMotionEvent(android.view.MotionEvent) -> onGenericMotionEvent
com.cutebabies.firstone.UnityPlayerNativeActivity -> com.cutebabies.firstone.UnityPlayerNativeActivity:
    void <init>() -> <init>
    void onCreate(android.os.Bundle) -> onCreate
com.cutebabies.firstone.UnityPlayerProxyActivity -> com.cutebabies.firstone.UnityPlayerProxyActivity:
    void <init>() -> <init>
    void onCreate(android.os.Bundle) -> onCreate
...
com.vuforia.ar.pl.Camera2_Preview -> com.vuforia.ar.pl.Camera2_Preview:
    java.util.Vector mCameraCacheInfos -> mCameraCacheInfos
    java.util.Vector mCameraCacheInfosInProgress -> mCameraCacheInfosInProgress
    java.util.HashMap mCameraCacheInfoIndexCache -> mCameraCacheInfoIndexCache
    android.content.Context mContext -> mContext
    android.hardware.camera2.CameraManager mCameraManager -> mCameraManager
    java.util.concurrent.Semaphore mOpenCloseSemaphore -> mOpenCloseSemaphore
    int CAMERA_CAPTUREINFO_VALUE_WIDTH -> CAMERA_CAPTUREINFO_VALUE_WIDTH
    int CAMERA_CAPTUREINFO_VALUE_HEIGHT -> CAMERA_CAPTUREINFO_VALUE_HEIGHT
    int CAMERA_CAPTUREINFO_VALUE_FORMAT -> CAMERA_CAPTUREINFO_VALUE_FORMAT
    int CAMERA_CAPTUREINFO_VALUE_FRAMERATE -> CAMERA_CAPTUREINFO_VALUE_FRAMERATE
    int CAMERA_CAPTUREINFO_VALUE_PREVIEWSURFACEENABLED -> CAMERA_CAPTUREINFO_VALUE_PREVIEWSURFACEENABLED
    int _NUM_CAMERA_CAPTUREINFO_VALUE_ -> _NUM_CAMERA_CAPTUREINFO_VALUE_
    int CAMERA_CAPSINFO_VALUE_SUPPORTED_QUERYABLE_PARAMS -> CAMERA_CAPSINFO_VALUE_SUPPORTED_QUERYABLE_PARAMS
    int CAMERA_CAPSINFO_VALUE_SUPPORTED_SETTABLE_PARAMS -> CAMERA_CAPSINFO_VALUE_SUPPORTED_SETTABLE_PARAMS
    int CAMERA_CAPSINFO_VALUE_SUPPORTED_PARAMVALUES -> CAMERA_CAPSINFO_VALUE_SUPPORTED_PARAMVALUES
    int CAMERA_CAPSINFO_VALUE_NUM_SUPPORTED_IMAGESIZES -> CAMERA_CAPSINFO_VALUE_NUM_SUPPORTED_IMAGESIZES
com.vuforia.ar.pl.Camera2_Preview$1 -> com.vuforia.ar.pl.Camera2_Preview$1:
    com.vuforia.ar.pl.Camera2_Preview this$0 -> a
    void <init>(com.vuforia.ar.pl.Camera2_Preview) -> <init>
    void onOpened(android.hardware.camera2.CameraDevice) -> onOpened
    void onError(android.hardware.camera2.CameraDevice,int) -> onError
    void onDisconnected(android.hardware.camera2.CameraDevice) -> onDisconnected
com.vuforia.ar.pl.Camera2_Preview$2 -> com.vuforia.ar.pl.Camera2_Preview$2:
    com.vuforia.ar.pl.Camera2_Preview this$0 -> a
    void <init>(com.vuforia.ar.pl.Camera2_Preview) -> <init>
    void onConfigured(android.hardware.camera2.CameraCaptureSession) -> onConfigured
    void onConfigureFailed(android.hardware.camera2.CameraCaptureSession) -> onConfigureFailed
com.vuforia.ar.pl.Camera2_Preview$AutofocusRunner -> com.vuforia.ar.pl.Camera2_Preview$AutofocusRunner:
    com.vuforia.ar.pl.Camera2_Preview$CameraCacheInfo mCCI -> mCCI
    android.hardware.camera2.CaptureRequest mCancelRequest -> mCancelRequest
    android.hardware.camera2.CaptureRequest mFocusRequest -> mFocusRequest
    com.vuforia.ar.pl.Camera2_Preview this$0 -> a
    void <init>(com.vuforia.ar.pl.Camera2_Preview,com.vuforia.ar.pl.Camera2_Preview$CameraCacheInfo) -> <init>
    boolean triggerAutofocus() -> triggerAutofocus
    void onCaptureCompleted(android.hardware.camera2.CameraCaptureSession,android.hardware.camera2.CaptureRequest,android.hardware.camera2.TotalCaptureResult) -> onCaptureCompleted