firstone/build/outputs/mapping/release/usage.txt
com.vuforia.CameraCalibration:
    25:34:protected synchronized void delete()
com.vuforia.CameraDevice:
    21:21:protected static long getCPtr(com.vuforia.CameraDevice)
com.vuforia.CylinderTarget:
    20:20:protected static long getCPtr(com.vuforia.CylinderTarget)
com.vuforia.CylinderTargetResult:
    20:20:protected static long getCPtr(com.vuforia.CylinderTargetResult)
com.vuforia.Device:
    21:21:protected static long getCPtr(com.vuforia.Device)
com.vuforia.DeviceTrackable:
    20:20:protected static long getCPtr(com.vuforia.DeviceTrackable)
com.vuforia.DeviceTrackableResult:
    20:20:protected static long getCPtr(com.vuforia.DeviceTrackableResult)
com.vuforia.DeviceTracker:
    20:20:protected static long getCPtr(com.vuforia.DeviceTracker)
com.vuforia.EyewearCalibrationProfileManager:
    21:21:protected static long getCPtr(com.vuforia.EyewearCalibrationProfileManager)
com.vuforia.EyewearCalibrationReading:
    48:51:protected static com.vuforia.EyewearCalibrationReading[] cArrayWrap(long[],boolean)
com.vuforia.EyewearDevice:
    20:20:protected static long getCPtr(com.vuforia.EyewearDevice)
com.vuforia.EyewearUserCalibrator:
    21:21:protected static long getCPtr(com.vuforia.EyewearUserCalibrator)
com.vuforia.GLTextureData:
    20:20:protected static long getCPtr(com.vuforia.GLTextureData)
com.vuforia.GLTextureUnit:
    20:20:protected static long getCPtr(com.vuforia.GLTextureUnit)
com.vuforia.Image:
    21:21:protected static long getCPtr(com.vuforia.Image)
    25:34:protected synchronized void delete()
com.vuforia.ImageTarget:
    20:20:protected static long getCPtr(com.vuforia.ImageTarget)
com.vuforia.ImageTargetBuilder:
    21:21:protected static long getCPtr(com.vuforia.ImageTargetBuilder)
    25:34:protected synchronized void delete()
com.vuforia.ImageTargetResult:
    20:20:protected static long getCPtr(com.vuforia.ImageTargetResult)
com.vuforia.InstanceId:
    21:21:protected static long getCPtr(com.vuforia.InstanceId)
com.vuforia.Mesh:
    21:21:protected static long getCPtr(com.vuforia.Mesh)
com.vuforia.MultiTarget:
    20:20:protected static long getCPtr(com.vuforia.MultiTarget)
com.vuforia.MultiTargetResult:
    20:20:protected static long getCPtr(com.vuforia.MultiTargetResult)
com.vuforia.NonCopyable:
    21:21:protected static long getCPtr(com.vuforia.NonCopyable)
com.vuforia.ObjectTarget:
    20:20:protected static long getCPtr(com.vuforia.ObjectTarget)
com.vuforia.ObjectTargetResult:
    20:20:protected static long getCPtr(com.vuforia.ObjectTargetResult)
com.vuforia.ObjectTracker:
    20:20:protected static long getCPtr(com.vuforia.ObjectTracker)
com.vuforia.Prop:
    20:20:protected static long getCPtr(com.vuforia.Prop)
com.vuforia.PropResult:
    20:20:protected static long getCPtr(com.vuforia.PropResult)
com.vuforia.Reconstruction:
    25:34:protected synchronized void delete()
com.vuforia.ReconstructionFromTarget:
    20:20:protected static long getCPtr(com.vuforia.ReconstructionFromTarget)
    24:34:protected synchronized void delete()
com.vuforia.Renderer:
    21:21:protected static long getCPtr(com.vuforia.Renderer)
com.vuforia.RotationalDeviceTracker:
    20:20:protected static long getCPtr(com.vuforia.RotationalDeviceTracker)
com.vuforia.SmartTerrainBuilder:
    21:21:protected static long getCPtr(com.vuforia.SmartTerrainBuilder)
com.vuforia.SmartTerrainTrackable:
    20:20:protected static long getCPtr(com.vuforia.SmartTerrainTrackable)
com.vuforia.SmartTerrainTracker:
    20:20:protected static long getCPtr(com.vuforia.SmartTerrainTracker)
com.vuforia.StateUpdater:
    21:21:protected static long getCPtr(com.vuforia.StateUpdater)
com.vuforia.Surface:
    20:20:protected static long getCPtr(com.vuforia.Surface)
com.vuforia.SurfaceResult:
    20:20:protected static long getCPtr(com.vuforia.SurfaceResult)
com.vuforia.TargetFinder:
    21:21:protected static long getCPtr(com.vuforia.TargetFinder)
com.vuforia.TextTracker:
    20:20:protected static long getCPtr(com.vuforia.TextTracker)